#
# A fatal error has been detected by the Java Runtime Environment:
#
#  Internal Error (javaClasses.cpp:126), pid=7468, tid=8072
#  fatal error: Invalid layout of preloaded class
#
# JRE version:  (8.0_20-b26) (build )
# Java VM: Java HotSpot(TM) 64-Bit Server VM (25.20-b23 mixed mode windows-amd64 compressed oops)
# Failed to write core dump. Minidumps are not enabled by default on client versions of Windows
#
# If you would like to submit a bug report, please visit:
#   http://bugreport.sun.com/bugreport/crash.jsp
#

---------------  T H R E A D  ---------------

Current thread (0x0000000002140800):  JavaThread "Unknown thread" [_thread_in_vm, id=8072, stack(0x0000000001cf0000,0x0000000001df0000)]

Stack: [0x0000000001cf0000,0x0000000001df0000]
Native frames: (J=compiled Java code, j=interpreted, Vv=VM code, C=native code)
V  [jvm.dll+0x3152fa]
V  [jvm.dll+0x265d03]
V  [jvm.dll+0x266943]
V  [jvm.dll+0x25e1e6]
V  [jvm.dll+0x5e64c]
V  [jvm.dll+0x5e743]
V  [jvm.dll+0x7316a]
V  [jvm.dll+0x734c8]
V  [jvm.dll+0xe3937]
V  [jvm.dll+0xe3cc6]
V  [jvm.dll+0x1f89d7]
V  [jvm.dll+0x229fc4]
V  [jvm.dll+0x14c6f1]
C  [javaw.exe+0x20c6]
C  [javaw.exe+0xc9eb]
C  [javaw.exe+0xca7f]
C  [KERNEL32.DLL+0x16ad]
C  [ntdll.dll+0x734a5]


---------------  P R O C E S S  ---------------

Java Threads: ( => current thread )

Other Threads:

=>0x0000000002140800 (exited) JavaThread "Unknown thread" [_thread_in_vm, id=8072, stack(0x0000000001cf0000,0x0000000001df0000)]

VM state:not at safepoint (not fully initialized)

VM Mutex/Monitor currently owned by a thread: None

GC Heap History (0 events):
No events

Deoptimization events (0 events):
No events

Internal exceptions (0 events):
No events

Events (10 events):
Event: 0.023 loading class java/lang/CharSequence done
Event: 0.023 loading class java/lang/String done
Event: 0.023 loading class java/lang/Class
Event: 0.023 loading class java/lang/reflect/AnnotatedElement
Event: 0.024 loading class java/lang/reflect/AnnotatedElement done
Event: 0.024 loading class java/lang/reflect/GenericDeclaration
Event: 0.024 loading class java/lang/reflect/GenericDeclaration done
Event: 0.024 loading class java/lang/reflect/Type
Event: 0.024 loading class java/lang/reflect/Type done
Event: 0.024 loading class java/lang/Class done


Dynamic libraries:
0x00007ff746290000 - 0x00007ff7462c4000 	C:\Program Files\Java\jre1.8.0_20\bin\javaw.exe
0x00007ffb054c0000 - 0x00007ffb0566a000 	C:\Windows\SYSTEM32\ntdll.dll
0x00007ffb03610000 - 0x00007ffb0374a000 	C:\Windows\system32\KERNEL32.DLL
0x00007ffb02be0000 - 0x00007ffb02cef000 	C:\Windows\system32\KERNELBASE.dll
0x00007ffb01460000 - 0x00007ffb014e8000 	C:\Windows\system32\apphelp.dll
0x00007ffaf8250000 - 0x00007ffaf829f000 	C:\Windows\AppPatch\AppPatch64\AcGenral.DLL
0x00007ffb051c0000 - 0x00007ffb05267000 	C:\Windows\system32\msvcrt.dll
0x00007ffb02610000 - 0x00007ffb0263b000 	C:\Windows\SYSTEM32\SspiCli.dll
0x00007ffb03750000 - 0x00007ffb037a1000 	C:\Windows\system32\SHLWAPI.dll
0x00007ffb02f80000 - 0x00007ffb030f1000 	C:\Windows\system32\USER32.dll
0x00007ffb037b0000 - 0x00007ffb03928000 	C:\Windows\system32\ole32.dll
0x00007ffb03a60000 - 0x00007ffb04e7f000 	C:\Windows\system32\SHELL32.dll
0x00007ffb01e40000 - 0x00007ffb01e5e000 	C:\Windows\SYSTEM32\USERENV.dll
0x00007ffb05110000 - 0x00007ffb051b5000 	C:\Windows\system32\ADVAPI32.dll
0x00007ffafad60000 - 0x00007ffafad7b000 	C:\Windows\SYSTEM32\MPR.dll
0x00007ffb04fd0000 - 0x00007ffb05107000 	C:\Windows\system32\RPCRT4.dll
0x00007ffb02da0000 - 0x00007ffb02df7000 	C:\Windows\SYSTEM32\sechost.dll
0x00007ffb03100000 - 0x00007ffb032d6000 	C:\Windows\SYSTEM32\combase.dll
0x00007ffb04e80000 - 0x00007ffb04fc4000 	C:\Windows\system32\GDI32.dll
0x00007ffb02830000 - 0x00007ffb02844000 	C:\Windows\SYSTEM32\profapi.dll
0x00007ffb00cf0000 - 0x00007ffb00d8f000 	C:\Windows\SYSTEM32\SHCORE.dll
0x00007ffb05480000 - 0x00007ffb054b4000 	C:\Windows\system32\IMM32.DLL
0x00007ffb032e0000 - 0x00007ffb03419000 	C:\Windows\system32\MSCTF.dll
0x00007ffb002a0000 - 0x00007ffb004fa000 	C:\Windows\WinSxS\amd64_microsoft.windows.common-controls_6595b64144ccf1df_6.0.9600.17031_none_6242a4b3ecbb55a1\COMCTL32.dll
0x0000000053d30000 - 0x0000000053e02000 	C:\Program Files\Java\jre1.8.0_20\bin\msvcr100.dll
0x00000000534d0000 - 0x0000000053d28000 	C:\Program Files\Java\jre1.8.0_20\bin\server\jvm.dll
0x00007ffaf97c0000 - 0x00007ffaf97c9000 	C:\Windows\SYSTEM32\WSOCK32.dll
0x00007ffafdbc0000 - 0x00007ffafdbdf000 	C:\Windows\SYSTEM32\WINMM.dll
0x00007ffb03a50000 - 0x00007ffb03a57000 	C:\Windows\system32\PSAPI.DLL
0x00007ffb03940000 - 0x00007ffb03998000 	C:\Windows\system32\WS2_32.dll
0x00007ffafdb50000 - 0x00007ffafdb7a000 	C:\Windows\SYSTEM32\WINMMBASE.dll
0x00007ffb03930000 - 0x00007ffb03939000 	C:\Windows\system32\NSI.dll
0x00007ffb02ae0000 - 0x00007ffb02b2a000 	C:\Windows\SYSTEM32\cfgmgr32.dll
0x00007ffb016c0000 - 0x00007ffb016e6000 	C:\Windows\SYSTEM32\DEVOBJ.dll
0x00000000534c0000 - 0x00000000534cf000 	C:\Program Files\Java\jre1.8.0_20\bin\verify.dll
0x0000000053490000 - 0x00000000534b8000 	C:\Program Files\Java\jre1.8.0_20\bin\java.dll
0x0000000053470000 - 0x0000000053486000 	C:\Program Files\Java\jre1.8.0_20\bin\zip.dll
0x00007ffaf9560000 - 0x00007ffaf96e8000 	C:\Windows\SYSTEM32\dbghelp.dll

VM Arguments:
jvm_args: -Dfile.encoding=MS949 -Xbootclasspath:C:\Users\영인\Downloads\eclipse-standard-luna-R-win32-x86_64\eclipse\sdk\platforms\android-20\android.jar 
java_command: ex
java_class_path (initial): C:\Users\영인\workspace\planner\bin\classes;C:\Users\영인\workspace\planner\libs\android-support-v4.jar
Launcher Type: SUN_STANDARD

Environment Variables:
JAVA_HOME=C:\Program Files\Java\jdk1.8.0_05
PATH=C:\ProgramData\Oracle\Java\javapath;C:\Program Files (x86)\Wizvera\Delfino;C:\Program Files (x86)\Intel\iCLS Client\;C:\Program Files\Intel\iCLS Client\;C:\Windows\system32;C:\Windows;C:\Windows\System32\Wbem;C:\Windows\System32\WindowsPowerShell\v1.0\;C:\Program Files (x86)\Windows Live\Shared;C:\Program Files\Intel\Intel(R) Management Engine Components\DAL;C:\Program Files\Intel\Intel(R) Management Engine Components\IPT;C:\Program Files (x86)\Intel\Intel(R) Management Engine Components\DAL;C:\Program Files (x86)\Intel\Intel(R) Management Engine Components\IPT;C:\Program Files\Intel\WiFi\bin\;C:\Program Files\Common Files\Intel\WirelessCommon\;C:\mysql-5.7.4-m14-winx64\bin;C:\Program Files\Microsoft SQL Server\110\Tools\Binn\;%JAVA_HOME%\bin;%RESIN_HOME%\lib\mysql-connector-java-5.1.32-bin;C:\Program Files\Intel\WiFi\bin\;C:\Program Files\Common Files\Intel\WirelessCommon\
USERNAME=영인
OS=Windows_NT
PROCESSOR_IDENTIFIER=Intel64 Family 6 Model 69 Stepping 1, GenuineIntel



---------------  S Y S T E M  ---------------

OS: Windows 8.1 , 64 bit Build 9600 

CPU:total 4 (2 cores per cpu, 2 threads per core) family 6 model 69 stepping 1, cmov, cx8, fxsr, mmx, sse, sse2, sse3, ssse3, sse4.1, sse4.2, popcnt, avx, avx2, aes, clmul, erms, lzcnt, ht, tsc, tscinvbit, bmi1, bmi2

Memory: 4k page, physical 4099872k(797220k free), swap 8294176k(4361876k free)

vm_info: Java HotSpot(TM) 64-Bit Server VM (25.20-b23) for windows-amd64 JRE (1.8.0_20-b26), built on Jul 30 2014 13:51:23 by "java_re" with MS VC++ 10.0 (VS2010)

time: Mon Sep 22 16:49:40 2014
elapsed time: 0 seconds (0d 0h 0m 0s)

